<?xml version="1.0" encoding="UTF-8"?>
<!-- Generated by org.testng.reporters.JUnitReportReporter -->
<testsuite name="Starter.Project_Runner" tests="1" time="58.232" ignored="0" failures="0" timestamp="10 Sep 2018 07:40:05 GMT" skipped="0" hostname="DESKTOP-QVN8MR5" errors="0">
  <testcase name="feature" time="58.232" classname="Starter.Project_Runner"/>
</testsuite> <!-- Starter.Project_Runner -->
